#
# There is insufficient memory for the Java Runtime Environment to continue.
# Native memory allocation (mmap) failed to map 199229440 bytes for G1 virtual space
# Possible reasons:
#   The system is out of physical RAM or swap space
#   The process is running with CompressedOops enabled, and the Java Heap may be blocking the growth of the native heap
# Possible solutions:
#   Reduce memory load on the system
#   Increase physical memory or swap space
#   Check if swap backing store is full
#   Decrease Java heap size (-Xmx/-Xms)
#   Decrease number of Java threads
#   Decrease Java thread stack sizes (-Xss)
#   Set larger code cache with -XX:ReservedCodeCacheSize=
#   JVM is running with Zero Based Compressed Oops mode in which the Java heap is
#     placed in the first 32GB address space. The Java Heap base address is the
#     maximum limit for the native heap growth. Please use -XX:HeapBaseMinAddress
#     to set the Java Heap base and to place the Java Heap above 32GB virtual address.
# This output file may be truncated or incomplete.
#
#  Out of Memory Error (os_windows.cpp:3527), pid=24272, tid=5872
#
# JRE version:  (19.0.1+10) (build )
# Java VM: Java HotSpot(TM) 64-Bit Server VM (19.0.1+10-21, mixed mode, sharing, tiered, compressed oops, compressed class ptrs, g1 gc, windows-amd64)
# No core dump will be written. Minidumps are not enabled by default on client versions of Windows
#

---------------  S U M M A R Y ------------

Command Line: -Dfile.encoding=UTF-8 -XX:+ShowCodeDetailsInExceptionMessages BankSystem.SignupOne

Host: Intel(R) Core(TM) i3-1005G1 CPU @ 1.20GHz, 4 cores, 11G,  Windows 11 , 64 bit Build 22000 (10.0.22000.1335)
Time: Thu Jan 26 15:51:16 2023 India Standard Time elapsed time: 0.011527 seconds (0d 0h 0m 0s)

---------------  T H R E A D  ---------------

Current thread (0x0000012ff58abd10):  JavaThread "Unknown thread" [_thread_in_vm, id=5872, stack(0x0000002aa2900000,0x0000002aa2a00000)]

Stack: [0x0000002aa2900000,0x0000002aa2a00000]
Native frames: (J=compiled Java code, j=interpreted, Vv=VM code, C=native code)
V  [jvm.dll+0x6ee8fa]
V  [jvm.dll+0x857a1e]
V  [jvm.dll+0x85940e]
V  [jvm.dll+0x859ac3]
V  [jvm.dll+0x28291f]
V  [jvm.dll+0x6eb6e9]
V  [jvm.dll+0x6e028a]
V  [jvm.dll+0x357136]
V  [jvm.dll+0x35eb96]
V  [jvm.dll+0x3b555e]
V  [jvm.dll+0x3b578f]
V  [jvm.dll+0x32c6ea]
V  [jvm.dll+0x32d59e]
V  [jvm.dll+0x821b20]
V  [jvm.dll+0x3c27c1]
V  [jvm.dll+0x8022f1]
V  [jvm.dll+0x44b30f]
V  [jvm.dll+0x44cc91]
C  [jli.dll+0x5287]
C  [ucrtbase.dll+0x26c0c]
C  [KERNEL32.DLL+0x155a0]
C  [ntdll.dll+0x485b]


---------------  P R O C E S S  ---------------

Threads class SMR info:
_java_thread_list=0x00007ffc73b8d048, length=0, elements={
}

Java Threads: ( => current thread )

Other Threads:
  0x0000012ff5907fb0 WorkerThread "GC Thread#0" [stack: 0x0000002aa2a00000,0x0000002aa2b00000] [id=33368]
  0x0000012ff59326f0 ConcurrentGCThread "G1 Main Marker" [stack: 0x0000002aa2b00000,0x0000002aa2c00000] [id=5780]
  0x0000012ff5934fe0 WorkerThread "G1 Conc#0" [stack: 0x0000002aa2c00000,0x0000002aa2d00000] [id=18424]

[error occurred during error reporting (printing all threads), id 0xc0000005, EXCEPTION_ACCESS_VIOLATION (0xc0000005) at pc=0x00007ffc7334d127]

VM state: not at safepoint (not fully initialized)

VM Mutex/Monitor currently owned by a thread:  ([mutex/lock_event])
[0x0000012ff58a7e70] Heap_lock - owner thread: 0x0000012ff58abd10

Heap address: 0x0000000743a00000, size: 3014 MB, Compressed Oops mode: Zero based, Oop shift amount: 3

CDS archive(s) mapped at: [0x0000000000000000-0x0000000000000000-0x0000000000000000), size 0, SharedBaseAddress: 0x0000000800000000, ArchiveRelocationMode: 0.
Narrow klass base: 0x0000000000000000, Narrow klass shift: 0, Narrow klass range: 0x0

GC Precious Log:
 CardTable entry size: 512
 Card Set container configuration: InlinePtr #cards 4 size 8 Array Of Cards #cards 16 size 48 Howl #buckets 8 coarsen threshold 3686 Howl Bitmap #cards 512 size 80 coarsen threshold 460 Card regions per heap region 1 cards per card region 4096

Heap:
 garbage-first heap   total 0K, used 0K [0x0000000743a00000, 0x0000000800000000)
  region size 2048K, 0 young (0K), 0 survivors (0K)

[error occurred during error reporting (printing heap information), id 0xc0000005, EXCEPTION_ACCESS_VIOLATION (0xc0000005) at pc=0x00007ffc73756959]

GC Heap History (0 events):
No events

Dll operation events (1 events):
Event: 0.007 Loaded shared library C:\Program Files\Java\jdk-19\bin\java.dll

Deoptimization events (0 events):
No events

Classes loaded (0 events):
No events

Classes unloaded (0 events):
No events

Classes redefined (0 events):
No events

Internal exceptions (0 events):
No events

VM Operations (0 events):
No events

Events (0 events):
No events


Dynamic libraries:
0x00007ff7ef5f0000 - 0x00007ff7ef600000 	C:\Program Files\Java\jdk-19\bin\javaw.exe
0x00007ffcd8840000 - 0x00007ffcd8a49000 	C:\WINDOWS\SYSTEM32\ntdll.dll
0x00007ffcd6ca0000 - 0x00007ffcd6d5e000 	C:\WINDOWS\System32\KERNEL32.DLL
0x00007ffcd6070000 - 0x00007ffcd63eb000 	C:\WINDOWS\System32\KERNELBASE.dll
0x00007ffcd5d10000 - 0x00007ffcd5e21000 	C:\WINDOWS\System32\ucrtbase.dll
0x00007ffcb42e0000 - 0x00007ffcb42f8000 	C:\Program Files\Java\jdk-19\bin\jli.dll
0x00007ffcd6810000 - 0x00007ffcd68be000 	C:\WINDOWS\System32\ADVAPI32.dll
0x00007ffcd7650000 - 0x00007ffcd76f3000 	C:\WINDOWS\System32\msvcrt.dll
0x00007ffcd6ff0000 - 0x00007ffcd708e000 	C:\WINDOWS\System32\sechost.dll
0x00007ffcd7700000 - 0x00007ffcd7820000 	C:\WINDOWS\System32\RPCRT4.dll
0x00007ffcc5b50000 - 0x00007ffcc5b6b000 	C:\Program Files\Java\jdk-19\bin\VCRUNTIME140.dll
0x00007ffcd68c0000 - 0x00007ffcd6a6d000 	C:\WINDOWS\System32\USER32.dll
0x00007ffcd5f50000 - 0x00007ffcd5f76000 	C:\WINDOWS\System32\win32u.dll
0x00007ffcd87d0000 - 0x00007ffcd87f9000 	C:\WINDOWS\System32\GDI32.dll
0x00007ffcd5e30000 - 0x00007ffcd5f48000 	C:\WINDOWS\System32\gdi32full.dll
0x00007ffcd64b0000 - 0x00007ffcd654d000 	C:\WINDOWS\System32\msvcp_win.dll
0x00007ffcc4560000 - 0x00007ffcc4805000 	C:\WINDOWS\WinSxS\amd64_microsoft.windows.common-controls_6595b64144ccf1df_6.0.22000.120_none_9d947278b86cc467\COMCTL32.dll
0x00007ffcd0210000 - 0x00007ffcd021a000 	C:\WINDOWS\SYSTEM32\VERSION.dll
0x00007ffcd7e30000 - 0x00007ffcd7e62000 	C:\WINDOWS\System32\IMM32.DLL
0x00007ffcccff0000 - 0x00007ffcccffc000 	C:\Program Files\Java\jdk-19\bin\vcruntime140_1.dll
0x00007ffcb4250000 - 0x00007ffcb42de000 	C:\Program Files\Java\jdk-19\bin\msvcp140.dll
0x00007ffc73010000 - 0x00007ffc73cd0000 	C:\Program Files\Java\jdk-19\bin\server\jvm.dll
0x00007ffccfc90000 - 0x00007ffccfcc3000 	C:\WINDOWS\SYSTEM32\WINMM.dll
0x00007ffcc9830000 - 0x00007ffcc9839000 	C:\WINDOWS\SYSTEM32\WSOCK32.dll
0x00007ffcd67a0000 - 0x00007ffcd680f000 	C:\WINDOWS\System32\WS2_32.dll
0x00007ffcd4d90000 - 0x00007ffcd4da8000 	C:\WINDOWS\SYSTEM32\kernel.appcore.dll
0x00007ffcc97e0000 - 0x00007ffcc97ea000 	C:\Program Files\Java\jdk-19\bin\jimage.dll
0x00007ffcd4340000 - 0x00007ffcd4561000 	C:\WINDOWS\SYSTEM32\DBGHELP.DLL
0x00007ffccee10000 - 0x00007ffccee41000 	C:\WINDOWS\SYSTEM32\dbgcore.DLL
0x00007ffcd5f80000 - 0x00007ffcd5fff000 	C:\WINDOWS\System32\bcryptPrimitives.dll
0x00007ffcb4170000 - 0x00007ffcb4196000 	C:\Program Files\Java\jdk-19\bin\java.dll

dbghelp: loaded successfully - version: 4.0.5 - missing functions: none
symbol engine: initialized successfully - sym options: 0x614 - pdb path: .;C:\Program Files\Java\jdk-19\bin;C:\WINDOWS\SYSTEM32;C:\WINDOWS\WinSxS\amd64_microsoft.windows.common-controls_6595b64144ccf1df_6.0.22000.120_none_9d947278b86cc467;C:\Program Files\Java\jdk-19\bin\server

VM Arguments:
jvm_args: -Dfile.encoding=UTF-8 -XX:+ShowCodeDetailsInExceptionMessages 
java_command: BankSystem.SignupOne
java_class_path (initial): C:\Users\Rakesh Rai\eclipse-workspace\BankManagementSystem\bin;C:\Users\Rakesh Rai\Downloads\jcalendar-tz-1.3.3-4.jar
Launcher Type: SUN_STANDARD

[Global flags]
     intx CICompilerCount                          = 3                                         {product} {ergonomic}
     uint ConcGCThreads                            = 1                                         {product} {ergonomic}
     uint G1ConcRefinementThreads                  = 4                                         {product} {ergonomic}
   size_t G1HeapRegionSize                         = 2097152                                   {product} {ergonomic}
    uintx GCDrainStackTargetSize                   = 64                                        {product} {ergonomic}
   size_t InitialHeapSize                          = 199229440                                 {product} {ergonomic}
   size_t MarkStackSize                            = 4194304                                   {product} {ergonomic}
   size_t MaxHeapSize                              = 3160408064                                {product} {ergonomic}
   size_t MinHeapDeltaBytes                        = 2097152                                   {product} {ergonomic}
   size_t MinHeapSize                              = 8388608                                   {product} {ergonomic}
    uintx NonNMethodCodeHeapSize                   = 5832780                                {pd product} {ergonomic}
    uintx NonProfiledCodeHeapSize                  = 122912730                              {pd product} {ergonomic}
    uintx ProfiledCodeHeapSize                     = 122912730                              {pd product} {ergonomic}
    uintx ReservedCodeCacheSize                    = 251658240                              {pd product} {ergonomic}
     bool SegmentedCodeCache                       = true                                      {product} {ergonomic}
     bool ShowCodeDetailsInExceptionMessages       = true                                   {manageable} {command line}
   size_t SoftMaxHeapSize                          = 3160408064                             {manageable} {ergonomic}
     bool UseCompressedClassPointers               = true                           {product lp64_product} {ergonomic}
     bool UseCompressedOops                        = true                           {product lp64_product} {ergonomic}
     bool UseG1GC                                  = true                                      {product} {ergonomic}
     bool UseLargePagesIndividualAllocation        = false                                  {pd product} {ergonomic}

Logging:
Log output configuration:
 #0: stdout all=warning uptime,level,tags foldmultilines=false
 #1: stderr all=off uptime,level,tags foldmultilines=false

Environment Variables:
CLASSPATH="C:\Users\Rakesh Rai\Downloads\mysql-connector.jar;.;";.;
PATH=C:\Program Files\Common Files\Oracle\Java\javapath;C:\Python310\Scripts\;C:\Python310\;C:\WINDOWS\system32;C:\WINDOWS;C:\WINDOWS\System32\Wbem;C:\WINDOWS\System32\WindowsPowerShell\v1.0\;C:\WINDOWS\System32\OpenSSH\;C:\Program Files\dotnet\;C:\Program Files\Git\cmd;C:\ProgramData\chocolatey\bin;C:\Users\Rakesh Rai\AppData\Roaming\nvm;C:\Program Files\nodejs;C:\Users\Rakesh Rai\AppData\Local\Microsoft\WindowsApps;C:\Users\Rakesh Rai\AppData\Roaming\npm;C:\Users\Rakesh Rai\AppData\Roaming\nvm;C:\Program Files\nodejs;C:\Users\Rakesh Rai\AppData\Local\Programs\Microsoft VS Code\bin
USERNAME=Rakesh Rai
OS=Windows_NT
PROCESSOR_IDENTIFIER=Intel64 Family 6 Model 126 Stepping 5, GenuineIntel
TMP=C:\Users\RAKESH~1\AppData\Local\Temp
TEMP=C:\Users\RAKESH~1\AppData\Local\Temp



---------------  S Y S T E M  ---------------

OS:
 Windows 11 , 64 bit Build 22000 (10.0.22000.1335)
OS uptime: 4 days 1:26 hours

CPU: total 4 (initial active 4) (2 cores per cpu, 2 threads per core) family 6 model 126 stepping 5 microcode 0xb2, cx8, cmov, fxsr, ht, mmx, 3dnowpref, sse, sse2, sse3, ssse3, sse4.1, sse4.2, popcnt, lzcnt, tsc, tscinvbit, avx, avx2, aes, erms, clmul, bmi1, bmi2, adx, avx512f, avx512dq, avx512cd, avx512bw, avx512vl, sha, fma, vzeroupper, avx512_vpopcntdq, avx512_vpclmulqdq, avx512_vaes, avx512_vnni, clflush, clflushopt, avx512_vbmi2, avx512_vbmi, rdtscp, rdpid, fsrm, gfni, avx512_bitalg

Memory: 4k page, system-wide physical 12055M (3048M free)
TotalPageFile size 48919M (AvailPageFile size 8M)
current process WorkingSet (physical memory assigned to process): 10M, peak: 10M
current process commit charge ("private bytes"): 52M, peak: 242M

vm_info: Java HotSpot(TM) 64-Bit Server VM (19.0.1+10-21) for windows-amd64 JRE (19.0.1+10-21), built on 2022-09-14T12:45:06Z by "mach5one" with MS VC++ 17.1 (VS2022)

END.
